# points generated by SurfacePointsRenderer
# position (x,y,z), normal (x,y,z), area, rayEpsilon
-0.670157 1.27436 1.2761 0.937157 0.311642 0.156896 0.19635 0.000935147
-0.433995 1.69226 2.1382 0.700995 -0.106264 -0.705205 0.19635 0.000493365
0.571845 2.53768 1.39588 -0.304845 -0.951678 0.0371195 0.19635 0.000904775
1.12314 1.53854 1.94756 -0.856142 0.0474623 -0.514556 0.19635 0.00063375
0.652133 1.25804 2.29562 -0.385133 0.327962 -0.862621 0.19635 0.000324684
0.225807 2.16126 2.24993 0.0411927 -0.575259 -0.816933 0.19635 0.000499912
0.80776 2.30504 1.86952 -0.540761 -0.719045 -0.436524 0.19635 0.000182962
0.20826 2.45091 0.934517 0.0587397 -0.864907 0.498483 0.19635 0.000560115
-0.46904 2.17597 1.10107 0.736039 -0.589972 0.331931 0.19635 0.000374854
0.956525 0.935391 1.75122 -0.689525 0.650609 -0.318218 0.19635 0.000776353
0.102919 0.666114 1.07679 0.164081 0.919885 0.356214 0.19635 0.000979744
1.05332 1.98574 0.961921 -0.786318 -0.399736 0.471079 0.19635 0.000524674
0.995944 0.939469 1.20797 -0.728944 0.646531 0.22503 0.19635 0.000476288
0.717543 1.41072 0.557622 -0.450543 0.175281 0.875378 0.19635 0.00065716
1.17186 1.95435 1.64641 -0.904863 -0.368345 -0.213414 0.19635 0.000223704
-0.697399 1.85039 1.4271 0.964399 -0.264387 0.00590232 0.19635 0.00037953
0.414531 0.677028 1.82288 -0.147531 0.908972 -0.389877 0.19635 0.00075836
-0.266955 1.20065 2.18559 0.533955 0.385348 -0.752595 0.19635 0.000334682
0.599279 2.02241 0.596857 -0.332279 -0.436413 0.836142 0.19635 0.000462
0.310104 0.987899 0.632739 -0.0431037 0.598101 0.800261 0.19635 0.000537385
-0.0188649 1.62521 0.475532 0.285865 -0.0392061 0.957468 0.19635 0.00051082
-0.16572 2.40406 1.81185 0.43272 -0.818061 -0.378853 0.19635 0.000618183
1.23542 1.43541 1.23429 -0.968419 0.150589 0.198715 0.19635 0.000836505
-0.454404 1.26604 0.818833 0.721404 0.319962 0.614166 0.19635 0.000727457
-0.354905 0.80575 1.36634 0.621905 0.78025 0.0666552 0.19635 0.00021557
-0.0994825 2.13297 0.680331 0.366482 -0.546974 0.752669 0.19635 0.000757855
-0.633681 1.32207 1.77813 0.900681 0.263933 -0.345128 0.19635 0.000898726
0.593492 1.80415 2.35268 -0.326492 -0.21815 -0.919681 0.19635 0.000459627
0.0276686 1.62975 2.40295 0.239332 -0.0437522 -0.969952 0.19635 0.000238552
-0.0604983 0.800479 1.95807 0.327498 0.785521 -0.525073 0.19635 0.000689232
0.589544 0.648907 1.2995 -0.322544 0.937092 0.133504 0.19635 0.000461997
